Determining if the pthread_create exist failed with the following output:
Change Dir: /home/wang/桌面/instructions/qt_3d_visualizer/qt_visualizer/build/CMakeFiles/CMakeTmp

Run Build Command:"/usr/bin/make" "cmTC_73aab/fast"
/usr/bin/make -f CMakeFiles/cmTC_73aab.dir/build.make CMakeFiles/cmTC_73aab.dir/build
make[1]: Entering directory '/home/wang/桌面/instructions/qt_3d_visualizer/qt_visualizer/build/CMakeFiles/CMakeTmp'
Building C object CMakeFiles/cmTC_73aab.dir/CheckSymbolExists.c.o
/usr/bin/cc     -o CMakeFiles/cmTC_73aab.dir/CheckSymbolExists.c.o   -c /home/wang/桌面/instructions/qt_3d_visualizer/qt_visualizer/build/CMakeFiles/CMakeTmp/CheckSymbolExists.c
Linking C executable cmTC_73aab
/usr/bin/cmake -E cmake_link_script CMakeFiles/cmTC_73aab.dir/link.txt --verbose=1
/usr/bin/cc       CMakeFiles/cmTC_73aab.dir/CheckSymbolExists.c.o  -o cmTC_73aab -rdynamic 
CMakeFiles/cmTC_73aab.dir/CheckSymbolExists.c.o：在函数‘main’中：
CheckSymbolExists.c:(.text+0x16)：对‘pthread_create’未定义的引用
collect2: error: ld returned 1 exit status
CMakeFiles/cmTC_73aab.dir/build.make:97: recipe for target 'cmTC_73aab' failed
make[1]: *** [cmTC_73aab] Error 1
make[1]: Leaving directory '/home/wang/桌面/instructions/qt_3d_visualizer/qt_visualizer/build/CMakeFiles/CMakeTmp'
Makefile:126: recipe for target 'cmTC_73aab/fast' failed
make: *** [cmTC_73aab/fast] Error 2

File /home/wang/桌面/instructions/qt_3d_visualizer/qt_visualizer/build/CMakeFiles/CMakeTmp/CheckSymbolExists.c:
/* */
#include <pthread.h>

int main(int argc, char** argv)
{
  (void)argv;
#ifndef pthread_create
  return ((int*)(&pthread_create))[argc];
#else
  (void)argc;
  return 0;
#endif
}

Determining if the function pthread_create exists in the pthreads failed with the following output:
Change Dir: /home/wang/桌面/instructions/qt_3d_visualizer/qt_visualizer/build/CMakeFiles/CMakeTmp

Run Build Command:"/usr/bin/make" "cmTC_04dfc/fast"
/usr/bin/make -f CMakeFiles/cmTC_04dfc.dir/build.make CMakeFiles/cmTC_04dfc.dir/build
make[1]: Entering directory '/home/wang/桌面/instructions/qt_3d_visualizer/qt_visualizer/build/CMakeFiles/CMakeTmp'
Building C object CMakeFiles/cmTC_04dfc.dir/CheckFunctionExists.c.o
/usr/bin/cc    -DCHECK_FUNCTION_EXISTS=pthread_create   -o CMakeFiles/cmTC_04dfc.dir/CheckFunctionExists.c.o   -c /usr/share/cmake-3.5/Modules/CheckFunctionExists.c
Linking C executable cmTC_04dfc
/usr/bin/cmake -E cmake_link_script CMakeFiles/cmTC_04dfc.dir/link.txt --verbose=1
/usr/bin/cc   -DCHECK_FUNCTION_EXISTS=pthread_create    CMakeFiles/cmTC_04dfc.dir/CheckFunctionExists.c.o  -o cmTC_04dfc -rdynamic -lpthreads 
/usr/bin/ld: 找不到 -lpthreads
collect2: error: ld returned 1 exit status
CMakeFiles/cmTC_04dfc.dir/build.make:97: recipe for target 'cmTC_04dfc' failed
make[1]: *** [cmTC_04dfc] Error 1
make[1]: Leaving directory '/home/wang/桌面/instructions/qt_3d_visualizer/qt_visualizer/build/CMakeFiles/CMakeTmp'
Makefile:126: recipe for target 'cmTC_04dfc/fast' failed
make: *** [cmTC_04dfc/fast] Error 2


